app/mapping.txt
io.github.chsbuffer.revancedxposed.MainHook -> e.va: